find_header: checking for sqlite3.h... -------------------- yes

"gcc -o conftest -I/usr/local/rvm/rubies/ruby-2.2.5/include/ruby-2.2.0/i686-linux -I/usr/local/rvm/rubies/ruby-2.2.5/include/ruby-2.2.0/ruby/backward -I/usr/local/rvm/rubies/ruby-2.2.5/include/ruby-2.2.0 -I.  -D_FILE_OFFSET_BITS=64   -O3 -fno-fast-math -ggdb3 -Wall -Wextra -Wno-unused-parameter -Wno-parentheses -Wno-long-long -Wno-missing-field-initializers -Wunused-variable -Wpointer-arith -Wwrite-strings -Wdeclaration-after-statement -Wimplicit-function-declaration -Wdeprecated-declarations conftest.c  -L. -L/usr/local/rvm/rubies/ruby-2.2.5/lib -Wl,-R/usr/local/rvm/rubies/ruby-2.2.5/lib -L. -fstack-protector -rdynamic -Wl,-export-dynamic  -march=i486   -Wl,-R/usr/local/rvm/rubies/ruby-2.2.5/lib -L/usr/local/rvm/rubies/ruby-2.2.5/lib -lruby-static  -lpthread -lrt -ldl -lcrypt -lm   -lc"
checked program was:
/* begin */
1: #include "ruby.h"
2: 
3: int main(int argc, char **argv)
4: {
5:   return 0;
6: }
/* end */

"gcc -E -I/usr/local/rvm/rubies/ruby-2.2.5/include/ruby-2.2.0/i686-linux -I/usr/local/rvm/rubies/ruby-2.2.5/include/ruby-2.2.0/ruby/backward -I/usr/local/rvm/rubies/ruby-2.2.5/include/ruby-2.2.0 -I.  -D_FILE_OFFSET_BITS=64   -O3 -fno-fast-math -ggdb3 -Wall -Wextra -Wno-unused-parameter -Wno-parentheses -Wno-long-long -Wno-missing-field-initializers -Wunused-variable -Wpointer-arith -Wwrite-strings -Wdeclaration-after-statement -Wimplicit-function-declaration -Wdeprecated-declarations  conftest.c -o conftest.i"
checked program was:
/* begin */
1: #include "ruby.h"
2: 
3: #include <sqlite3.h>
/* end */

--------------------

find_library: checking for sqlite3_libversion_number() in -lsqlite3... -------------------- yes

"gcc -o conftest -I/usr/local/rvm/rubies/ruby-2.2.5/include/ruby-2.2.0/i686-linux -I/usr/local/rvm/rubies/ruby-2.2.5/include/ruby-2.2.0/ruby/backward -I/usr/local/rvm/rubies/ruby-2.2.5/include/ruby-2.2.0 -I.  -D_FILE_OFFSET_BITS=64   -O3 -fno-fast-math -ggdb3 -Wall -Wextra -Wno-unused-parameter -Wno-parentheses -Wno-long-long -Wno-missing-field-initializers -Wunused-variable -Wpointer-arith -Wwrite-strings -Wdeclaration-after-statement -Wimplicit-function-declaration -Wdeprecated-declarations conftest.c  -L. -L/usr/local/rvm/rubies/ruby-2.2.5/lib -Wl,-R/usr/local/rvm/rubies/ruby-2.2.5/lib -L. -fstack-protector -rdynamic -Wl,-export-dynamic  -march=i486   -Wl,-R/usr/local/rvm/rubies/ruby-2.2.5/lib -L/usr/local/rvm/rubies/ruby-2.2.5/lib -lruby-static -lsqlite3  -lpthread -lrt -ldl -lcrypt -lm   -lc"
conftest.c: In function ‘t’:
conftest.c:13: error: ‘sqlite3_libversion_number’ undeclared (first use in this function)
conftest.c:13: error: (Each undeclared identifier is reported only once
conftest.c:13: error: for each function it appears in.)
checked program was:
/* begin */
 1: #include "ruby.h"
 2: 
 3: /*top*/
 4: extern int t(void);
 5: int main(int argc, char **argv)
 6: {
 7:   if (argc > 1000000) {
 8:     printf("%p", &t);
 9:   }
10: 
11:   return 0;
12: }
13: int t(void) { void ((*volatile p)()); p = (void ((*)()))sqlite3_libversion_number; return 0; }
/* end */

"gcc -o conftest -I/usr/local/rvm/rubies/ruby-2.2.5/include/ruby-2.2.0/i686-linux -I/usr/local/rvm/rubies/ruby-2.2.5/include/ruby-2.2.0/ruby/backward -I/usr/local/rvm/rubies/ruby-2.2.5/include/ruby-2.2.0 -I.  -D_FILE_OFFSET_BITS=64   -O3 -fno-fast-math -ggdb3 -Wall -Wextra -Wno-unused-parameter -Wno-parentheses -Wno-long-long -Wno-missing-field-initializers -Wunused-variable -Wpointer-arith -Wwrite-strings -Wdeclaration-after-statement -Wimplicit-function-declaration -Wdeprecated-declarations conftest.c  -L. -L/usr/local/rvm/rubies/ruby-2.2.5/lib -Wl,-R/usr/local/rvm/rubies/ruby-2.2.5/lib -L. -fstack-protector -rdynamic -Wl,-export-dynamic  -march=i486   -Wl,-R/usr/local/rvm/rubies/ruby-2.2.5/lib -L/usr/local/rvm/rubies/ruby-2.2.5/lib -lruby-static -lsqlite3  -lpthread -lrt -ldl -lcrypt -lm   -lc"
conftest.c: In function ‘t’:
conftest.c:13: warning: implicit declaration of function ‘sqlite3_libversion_number’
checked program was:
/* begin */
 1: #include "ruby.h"
 2: 
 3: /*top*/
 4: extern int t(void);
 5: int main(int argc, char **argv)
 6: {
 7:   if (argc > 1000000) {
 8:     printf("%p", &t);
 9:   }
10: 
11:   return 0;
12: }
13: int t(void) { sqlite3_libversion_number(); return 0; }
/* end */

--------------------

have_func: checking for rb_proc_arity()... -------------------- yes

"gcc -o conftest -I/usr/local/rvm/rubies/ruby-2.2.5/include/ruby-2.2.0/i686-linux -I/usr/local/rvm/rubies/ruby-2.2.5/include/ruby-2.2.0/ruby/backward -I/usr/local/rvm/rubies/ruby-2.2.5/include/ruby-2.2.0 -I.  -D_FILE_OFFSET_BITS=64   -O3 -fno-fast-math -ggdb3 -Wall -Wextra -Wno-unused-parameter -Wno-parentheses -Wno-long-long -Wno-missing-field-initializers -Wunused-variable -Wpointer-arith -Wwrite-strings -Wdeclaration-after-statement -Wimplicit-function-declaration -Wdeprecated-declarations conftest.c  -L. -L/usr/local/rvm/rubies/ruby-2.2.5/lib -Wl,-R/usr/local/rvm/rubies/ruby-2.2.5/lib -L. -fstack-protector -rdynamic -Wl,-export-dynamic  -march=i486  -lsqlite3  -Wl,-R/usr/local/rvm/rubies/ruby-2.2.5/lib -L/usr/local/rvm/rubies/ruby-2.2.5/lib -lruby-static -lsqlite3  -lpthread -lrt -ldl -lcrypt -lm   -lc"
checked program was:
/* begin */
 1: #include "ruby.h"
 2: 
 3: /*top*/
 4: extern int t(void);
 5: int main(int argc, char **argv)
 6: {
 7:   if (argc > 1000000) {
 8:     printf("%p", &t);
 9:   }
10: 
11:   return 0;
12: }
13: int t(void) { void ((*volatile p)()); p = (void ((*)()))rb_proc_arity; return 0; }
/* end */

--------------------

have_func: checking for rb_integer_pack()... -------------------- yes

"gcc -o conftest -I/usr/local/rvm/rubies/ruby-2.2.5/include/ruby-2.2.0/i686-linux -I/usr/local/rvm/rubies/ruby-2.2.5/include/ruby-2.2.0/ruby/backward -I/usr/local/rvm/rubies/ruby-2.2.5/include/ruby-2.2.0 -I.  -D_FILE_OFFSET_BITS=64   -O3 -fno-fast-math -ggdb3 -Wall -Wextra -Wno-unused-parameter -Wno-parentheses -Wno-long-long -Wno-missing-field-initializers -Wunused-variable -Wpointer-arith -Wwrite-strings -Wdeclaration-after-statement -Wimplicit-function-declaration -Wdeprecated-declarations conftest.c  -L. -L/usr/local/rvm/rubies/ruby-2.2.5/lib -Wl,-R/usr/local/rvm/rubies/ruby-2.2.5/lib -L. -fstack-protector -rdynamic -Wl,-export-dynamic  -march=i486  -lsqlite3  -Wl,-R/usr/local/rvm/rubies/ruby-2.2.5/lib -L/usr/local/rvm/rubies/ruby-2.2.5/lib -lruby-static -lsqlite3  -lpthread -lrt -ldl -lcrypt -lm   -lc"
checked program was:
/* begin */
 1: #include "ruby.h"
 2: 
 3: /*top*/
 4: extern int t(void);
 5: int main(int argc, char **argv)
 6: {
 7:   if (argc > 1000000) {
 8:     printf("%p", &t);
 9:   }
10: 
11:   return 0;
12: }
13: int t(void) { void ((*volatile p)()); p = (void ((*)()))rb_integer_pack; return 0; }
/* end */

--------------------

have_func: checking for sqlite3_initialize()... -------------------- no

"gcc -o conftest -I/usr/local/rvm/rubies/ruby-2.2.5/include/ruby-2.2.0/i686-linux -I/usr/local/rvm/rubies/ruby-2.2.5/include/ruby-2.2.0/ruby/backward -I/usr/local/rvm/rubies/ruby-2.2.5/include/ruby-2.2.0 -I.  -D_FILE_OFFSET_BITS=64   -O3 -fno-fast-math -ggdb3 -Wall -Wextra -Wno-unused-parameter -Wno-parentheses -Wno-long-long -Wno-missing-field-initializers -Wunused-variable -Wpointer-arith -Wwrite-strings -Wdeclaration-after-statement -Wimplicit-function-declaration -Wdeprecated-declarations conftest.c  -L. -L/usr/local/rvm/rubies/ruby-2.2.5/lib -Wl,-R/usr/local/rvm/rubies/ruby-2.2.5/lib -L. -fstack-protector -rdynamic -Wl,-export-dynamic  -march=i486  -lsqlite3  -Wl,-R/usr/local/rvm/rubies/ruby-2.2.5/lib -L/usr/local/rvm/rubies/ruby-2.2.5/lib -lruby-static -lsqlite3  -lpthread -lrt -ldl -lcrypt -lm   -lc"
conftest.c: In function ‘t’:
conftest.c:13: error: ‘sqlite3_initialize’ undeclared (first use in this function)
conftest.c:13: error: (Each undeclared identifier is reported only once
conftest.c:13: error: for each function it appears in.)
checked program was:
/* begin */
 1: #include "ruby.h"
 2: 
 3: /*top*/
 4: extern int t(void);
 5: int main(int argc, char **argv)
 6: {
 7:   if (argc > 1000000) {
 8:     printf("%p", &t);
 9:   }
10: 
11:   return 0;
12: }
13: int t(void) { void ((*volatile p)()); p = (void ((*)()))sqlite3_initialize; return 0; }
/* end */

"gcc -o conftest -I/usr/local/rvm/rubies/ruby-2.2.5/include/ruby-2.2.0/i686-linux -I/usr/local/rvm/rubies/ruby-2.2.5/include/ruby-2.2.0/ruby/backward -I/usr/local/rvm/rubies/ruby-2.2.5/include/ruby-2.2.0 -I.  -D_FILE_OFFSET_BITS=64   -O3 -fno-fast-math -ggdb3 -Wall -Wextra -Wno-unused-parameter -Wno-parentheses -Wno-long-long -Wno-missing-field-initializers -Wunused-variable -Wpointer-arith -Wwrite-strings -Wdeclaration-after-statement -Wimplicit-function-declaration -Wdeprecated-declarations conftest.c  -L. -L/usr/local/rvm/rubies/ruby-2.2.5/lib -Wl,-R/usr/local/rvm/rubies/ruby-2.2.5/lib -L. -fstack-protector -rdynamic -Wl,-export-dynamic  -march=i486  -lsqlite3  -Wl,-R/usr/local/rvm/rubies/ruby-2.2.5/lib -L/usr/local/rvm/rubies/ruby-2.2.5/lib -lruby-static -lsqlite3  -lpthread -lrt -ldl -lcrypt -lm   -lc"
conftest.c: In function ‘t’:
conftest.c:13: warning: implicit declaration of function ‘sqlite3_initialize’
/tmp/ccscwxqw.o: In function `t':
/home/grahamm/RACR/vendor/bundle/ruby/2.2.0/gems/sqlite3-1.3.11/ext/sqlite3/conftest.c:13: undefined reference to `sqlite3_initialize'
collect2: ld returned 1 exit status
checked program was:
/* begin */
 1: #include "ruby.h"
 2: 
 3: /*top*/
 4: extern int t(void);
 5: int main(int argc, char **argv)
 6: {
 7:   if (argc > 1000000) {
 8:     printf("%p", &t);
 9:   }
10: 
11:   return 0;
12: }
13: int t(void) { sqlite3_initialize(); return 0; }
/* end */

--------------------

have_func: checking for sqlite3_backup_init()... -------------------- no

"gcc -o conftest -I/usr/local/rvm/rubies/ruby-2.2.5/include/ruby-2.2.0/i686-linux -I/usr/local/rvm/rubies/ruby-2.2.5/include/ruby-2.2.0/ruby/backward -I/usr/local/rvm/rubies/ruby-2.2.5/include/ruby-2.2.0 -I.  -D_FILE_OFFSET_BITS=64   -O3 -fno-fast-math -ggdb3 -Wall -Wextra -Wno-unused-parameter -Wno-parentheses -Wno-long-long -Wno-missing-field-initializers -Wunused-variable -Wpointer-arith -Wwrite-strings -Wdeclaration-after-statement -Wimplicit-function-declaration -Wdeprecated-declarations conftest.c  -L. -L/usr/local/rvm/rubies/ruby-2.2.5/lib -Wl,-R/usr/local/rvm/rubies/ruby-2.2.5/lib -L. -fstack-protector -rdynamic -Wl,-export-dynamic  -march=i486  -lsqlite3  -Wl,-R/usr/local/rvm/rubies/ruby-2.2.5/lib -L/usr/local/rvm/rubies/ruby-2.2.5/lib -lruby-static -lsqlite3  -lpthread -lrt -ldl -lcrypt -lm   -lc"
conftest.c: In function ‘t’:
conftest.c:13: error: ‘sqlite3_backup_init’ undeclared (first use in this function)
conftest.c:13: error: (Each undeclared identifier is reported only once
conftest.c:13: error: for each function it appears in.)
checked program was:
/* begin */
 1: #include "ruby.h"
 2: 
 3: /*top*/
 4: extern int t(void);
 5: int main(int argc, char **argv)
 6: {
 7:   if (argc > 1000000) {
 8:     printf("%p", &t);
 9:   }
10: 
11:   return 0;
12: }
13: int t(void) { void ((*volatile p)()); p = (void ((*)()))sqlite3_backup_init; return 0; }
/* end */

"gcc -o conftest -I/usr/local/rvm/rubies/ruby-2.2.5/include/ruby-2.2.0/i686-linux -I/usr/local/rvm/rubies/ruby-2.2.5/include/ruby-2.2.0/ruby/backward -I/usr/local/rvm/rubies/ruby-2.2.5/include/ruby-2.2.0 -I.  -D_FILE_OFFSET_BITS=64   -O3 -fno-fast-math -ggdb3 -Wall -Wextra -Wno-unused-parameter -Wno-parentheses -Wno-long-long -Wno-missing-field-initializers -Wunused-variable -Wpointer-arith -Wwrite-strings -Wdeclaration-after-statement -Wimplicit-function-declaration -Wdeprecated-declarations conftest.c  -L. -L/usr/local/rvm/rubies/ruby-2.2.5/lib -Wl,-R/usr/local/rvm/rubies/ruby-2.2.5/lib -L. -fstack-protector -rdynamic -Wl,-export-dynamic  -march=i486  -lsqlite3  -Wl,-R/usr/local/rvm/rubies/ruby-2.2.5/lib -L/usr/local/rvm/rubies/ruby-2.2.5/lib -lruby-static -lsqlite3  -lpthread -lrt -ldl -lcrypt -lm   -lc"
conftest.c: In function ‘t’:
conftest.c:13: warning: implicit declaration of function ‘sqlite3_backup_init’
/tmp/cc6Ll8QU.o: In function `t':
/home/grahamm/RACR/vendor/bundle/ruby/2.2.0/gems/sqlite3-1.3.11/ext/sqlite3/conftest.c:13: undefined reference to `sqlite3_backup_init'
collect2: ld returned 1 exit status
checked program was:
/* begin */
 1: #include "ruby.h"
 2: 
 3: /*top*/
 4: extern int t(void);
 5: int main(int argc, char **argv)
 6: {
 7:   if (argc > 1000000) {
 8:     printf("%p", &t);
 9:   }
10: 
11:   return 0;
12: }
13: int t(void) { sqlite3_backup_init(); return 0; }
/* end */

--------------------

have_func: checking for sqlite3_column_database_name()... -------------------- no

"gcc -o conftest -I/usr/local/rvm/rubies/ruby-2.2.5/include/ruby-2.2.0/i686-linux -I/usr/local/rvm/rubies/ruby-2.2.5/include/ruby-2.2.0/ruby/backward -I/usr/local/rvm/rubies/ruby-2.2.5/include/ruby-2.2.0 -I.  -D_FILE_OFFSET_BITS=64   -O3 -fno-fast-math -ggdb3 -Wall -Wextra -Wno-unused-parameter -Wno-parentheses -Wno-long-long -Wno-missing-field-initializers -Wunused-variable -Wpointer-arith -Wwrite-strings -Wdeclaration-after-statement -Wimplicit-function-declaration -Wdeprecated-declarations conftest.c  -L. -L/usr/local/rvm/rubies/ruby-2.2.5/lib -Wl,-R/usr/local/rvm/rubies/ruby-2.2.5/lib -L. -fstack-protector -rdynamic -Wl,-export-dynamic  -march=i486  -lsqlite3  -Wl,-R/usr/local/rvm/rubies/ruby-2.2.5/lib -L/usr/local/rvm/rubies/ruby-2.2.5/lib -lruby-static -lsqlite3  -lpthread -lrt -ldl -lcrypt -lm   -lc"
conftest.c: In function ‘t’:
conftest.c:13: error: ‘sqlite3_column_database_name’ undeclared (first use in this function)
conftest.c:13: error: (Each undeclared identifier is reported only once
conftest.c:13: error: for each function it appears in.)
checked program was:
/* begin */
 1: #include "ruby.h"
 2: 
 3: /*top*/
 4: extern int t(void);
 5: int main(int argc, char **argv)
 6: {
 7:   if (argc > 1000000) {
 8:     printf("%p", &t);
 9:   }
10: 
11:   return 0;
12: }
13: int t(void) { void ((*volatile p)()); p = (void ((*)()))sqlite3_column_database_name; return 0; }
/* end */

"gcc -o conftest -I/usr/local/rvm/rubies/ruby-2.2.5/include/ruby-2.2.0/i686-linux -I/usr/local/rvm/rubies/ruby-2.2.5/include/ruby-2.2.0/ruby/backward -I/usr/local/rvm/rubies/ruby-2.2.5/include/ruby-2.2.0 -I.  -D_FILE_OFFSET_BITS=64   -O3 -fno-fast-math -ggdb3 -Wall -Wextra -Wno-unused-parameter -Wno-parentheses -Wno-long-long -Wno-missing-field-initializers -Wunused-variable -Wpointer-arith -Wwrite-strings -Wdeclaration-after-statement -Wimplicit-function-declaration -Wdeprecated-declarations conftest.c  -L. -L/usr/local/rvm/rubies/ruby-2.2.5/lib -Wl,-R/usr/local/rvm/rubies/ruby-2.2.5/lib -L. -fstack-protector -rdynamic -Wl,-export-dynamic  -march=i486  -lsqlite3  -Wl,-R/usr/local/rvm/rubies/ruby-2.2.5/lib -L/usr/local/rvm/rubies/ruby-2.2.5/lib -lruby-static -lsqlite3  -lpthread -lrt -ldl -lcrypt -lm   -lc"
conftest.c: In function ‘t’:
conftest.c:13: warning: implicit declaration of function ‘sqlite3_column_database_name’
/tmp/ccyTGozk.o: In function `t':
/home/grahamm/RACR/vendor/bundle/ruby/2.2.0/gems/sqlite3-1.3.11/ext/sqlite3/conftest.c:13: undefined reference to `sqlite3_column_database_name'
collect2: ld returned 1 exit status
checked program was:
/* begin */
 1: #include "ruby.h"
 2: 
 3: /*top*/
 4: extern int t(void);
 5: int main(int argc, char **argv)
 6: {
 7:   if (argc > 1000000) {
 8:     printf("%p", &t);
 9:   }
10: 
11:   return 0;
12: }
13: int t(void) { sqlite3_column_database_name(); return 0; }
/* end */

--------------------

have_func: checking for sqlite3_enable_load_extension()... -------------------- no

"gcc -o conftest -I/usr/local/rvm/rubies/ruby-2.2.5/include/ruby-2.2.0/i686-linux -I/usr/local/rvm/rubies/ruby-2.2.5/include/ruby-2.2.0/ruby/backward -I/usr/local/rvm/rubies/ruby-2.2.5/include/ruby-2.2.0 -I.  -D_FILE_OFFSET_BITS=64   -O3 -fno-fast-math -ggdb3 -Wall -Wextra -Wno-unused-parameter -Wno-parentheses -Wno-long-long -Wno-missing-field-initializers -Wunused-variable -Wpointer-arith -Wwrite-strings -Wdeclaration-after-statement -Wimplicit-function-declaration -Wdeprecated-declarations conftest.c  -L. -L/usr/local/rvm/rubies/ruby-2.2.5/lib -Wl,-R/usr/local/rvm/rubies/ruby-2.2.5/lib -L. -fstack-protector -rdynamic -Wl,-export-dynamic  -march=i486  -lsqlite3  -Wl,-R/usr/local/rvm/rubies/ruby-2.2.5/lib -L/usr/local/rvm/rubies/ruby-2.2.5/lib -lruby-static -lsqlite3  -lpthread -lrt -ldl -lcrypt -lm   -lc"
conftest.c: In function ‘t’:
conftest.c:13: error: ‘sqlite3_enable_load_extension’ undeclared (first use in this function)
conftest.c:13: error: (Each undeclared identifier is reported only once
conftest.c:13: error: for each function it appears in.)
checked program was:
/* begin */
 1: #include "ruby.h"
 2: 
 3: /*top*/
 4: extern int t(void);
 5: int main(int argc, char **argv)
 6: {
 7:   if (argc > 1000000) {
 8:     printf("%p", &t);
 9:   }
10: 
11:   return 0;
12: }
13: int t(void) { void ((*volatile p)()); p = (void ((*)()))sqlite3_enable_load_extension; return 0; }
/* end */

"gcc -o conftest -I/usr/local/rvm/rubies/ruby-2.2.5/include/ruby-2.2.0/i686-linux -I/usr/local/rvm/rubies/ruby-2.2.5/include/ruby-2.2.0/ruby/backward -I/usr/local/rvm/rubies/ruby-2.2.5/include/ruby-2.2.0 -I.  -D_FILE_OFFSET_BITS=64   -O3 -fno-fast-math -ggdb3 -Wall -Wextra -Wno-unused-parameter -Wno-parentheses -Wno-long-long -Wno-missing-field-initializers -Wunused-variable -Wpointer-arith -Wwrite-strings -Wdeclaration-after-statement -Wimplicit-function-declaration -Wdeprecated-declarations conftest.c  -L. -L/usr/local/rvm/rubies/ruby-2.2.5/lib -Wl,-R/usr/local/rvm/rubies/ruby-2.2.5/lib -L. -fstack-protector -rdynamic -Wl,-export-dynamic  -march=i486  -lsqlite3  -Wl,-R/usr/local/rvm/rubies/ruby-2.2.5/lib -L/usr/local/rvm/rubies/ruby-2.2.5/lib -lruby-static -lsqlite3  -lpthread -lrt -ldl -lcrypt -lm   -lc"
conftest.c: In function ‘t’:
conftest.c:13: warning: implicit declaration of function ‘sqlite3_enable_load_extension’
/tmp/ccsrRAYK.o: In function `t':
/home/grahamm/RACR/vendor/bundle/ruby/2.2.0/gems/sqlite3-1.3.11/ext/sqlite3/conftest.c:13: undefined reference to `sqlite3_enable_load_extension'
collect2: ld returned 1 exit status
checked program was:
/* begin */
 1: #include "ruby.h"
 2: 
 3: /*top*/
 4: extern int t(void);
 5: int main(int argc, char **argv)
 6: {
 7:   if (argc > 1000000) {
 8:     printf("%p", &t);
 9:   }
10: 
11:   return 0;
12: }
13: int t(void) { sqlite3_enable_load_extension(); return 0; }
/* end */

--------------------

have_func: checking for sqlite3_load_extension()... -------------------- no

"gcc -o conftest -I/usr/local/rvm/rubies/ruby-2.2.5/include/ruby-2.2.0/i686-linux -I/usr/local/rvm/rubies/ruby-2.2.5/include/ruby-2.2.0/ruby/backward -I/usr/local/rvm/rubies/ruby-2.2.5/include/ruby-2.2.0 -I.  -D_FILE_OFFSET_BITS=64   -O3 -fno-fast-math -ggdb3 -Wall -Wextra -Wno-unused-parameter -Wno-parentheses -Wno-long-long -Wno-missing-field-initializers -Wunused-variable -Wpointer-arith -Wwrite-strings -Wdeclaration-after-statement -Wimplicit-function-declaration -Wdeprecated-declarations conftest.c  -L. -L/usr/local/rvm/rubies/ruby-2.2.5/lib -Wl,-R/usr/local/rvm/rubies/ruby-2.2.5/lib -L. -fstack-protector -rdynamic -Wl,-export-dynamic  -march=i486  -lsqlite3  -Wl,-R/usr/local/rvm/rubies/ruby-2.2.5/lib -L/usr/local/rvm/rubies/ruby-2.2.5/lib -lruby-static -lsqlite3  -lpthread -lrt -ldl -lcrypt -lm   -lc"
conftest.c: In function ‘t’:
conftest.c:13: error: ‘sqlite3_load_extension’ undeclared (first use in this function)
conftest.c:13: error: (Each undeclared identifier is reported only once
conftest.c:13: error: for each function it appears in.)
checked program was:
/* begin */
 1: #include "ruby.h"
 2: 
 3: /*top*/
 4: extern int t(void);
 5: int main(int argc, char **argv)
 6: {
 7:   if (argc > 1000000) {
 8:     printf("%p", &t);
 9:   }
10: 
11:   return 0;
12: }
13: int t(void) { void ((*volatile p)()); p = (void ((*)()))sqlite3_load_extension; return 0; }
/* end */

"gcc -o conftest -I/usr/local/rvm/rubies/ruby-2.2.5/include/ruby-2.2.0/i686-linux -I/usr/local/rvm/rubies/ruby-2.2.5/include/ruby-2.2.0/ruby/backward -I/usr/local/rvm/rubies/ruby-2.2.5/include/ruby-2.2.0 -I.  -D_FILE_OFFSET_BITS=64   -O3 -fno-fast-math -ggdb3 -Wall -Wextra -Wno-unused-parameter -Wno-parentheses -Wno-long-long -Wno-missing-field-initializers -Wunused-variable -Wpointer-arith -Wwrite-strings -Wdeclaration-after-statement -Wimplicit-function-declaration -Wdeprecated-declarations conftest.c  -L. -L/usr/local/rvm/rubies/ruby-2.2.5/lib -Wl,-R/usr/local/rvm/rubies/ruby-2.2.5/lib -L. -fstack-protector -rdynamic -Wl,-export-dynamic  -march=i486  -lsqlite3  -Wl,-R/usr/local/rvm/rubies/ruby-2.2.5/lib -L/usr/local/rvm/rubies/ruby-2.2.5/lib -lruby-static -lsqlite3  -lpthread -lrt -ldl -lcrypt -lm   -lc"
conftest.c: In function ‘t’:
conftest.c:13: warning: implicit declaration of function ‘sqlite3_load_extension’
/tmp/ccyFFNug.o: In function `t':
/home/grahamm/RACR/vendor/bundle/ruby/2.2.0/gems/sqlite3-1.3.11/ext/sqlite3/conftest.c:13: undefined reference to `sqlite3_load_extension'
collect2: ld returned 1 exit status
checked program was:
/* begin */
 1: #include "ruby.h"
 2: 
 3: /*top*/
 4: extern int t(void);
 5: int main(int argc, char **argv)
 6: {
 7:   if (argc > 1000000) {
 8:     printf("%p", &t);
 9:   }
10: 
11:   return 0;
12: }
13: int t(void) { sqlite3_load_extension(); return 0; }
/* end */

--------------------

have_func: checking for sqlite3_open_v2()... -------------------- no

"gcc -o conftest -I/usr/local/rvm/rubies/ruby-2.2.5/include/ruby-2.2.0/i686-linux -I/usr/local/rvm/rubies/ruby-2.2.5/include/ruby-2.2.0/ruby/backward -I/usr/local/rvm/rubies/ruby-2.2.5/include/ruby-2.2.0 -I.  -D_FILE_OFFSET_BITS=64   -O3 -fno-fast-math -ggdb3 -Wall -Wextra -Wno-unused-parameter -Wno-parentheses -Wno-long-long -Wno-missing-field-initializers -Wunused-variable -Wpointer-arith -Wwrite-strings -Wdeclaration-after-statement -Wimplicit-function-declaration -Wdeprecated-declarations conftest.c  -L. -L/usr/local/rvm/rubies/ruby-2.2.5/lib -Wl,-R/usr/local/rvm/rubies/ruby-2.2.5/lib -L. -fstack-protector -rdynamic -Wl,-export-dynamic  -march=i486  -lsqlite3  -Wl,-R/usr/local/rvm/rubies/ruby-2.2.5/lib -L/usr/local/rvm/rubies/ruby-2.2.5/lib -lruby-static -lsqlite3  -lpthread -lrt -ldl -lcrypt -lm   -lc"
conftest.c: In function ‘t’:
conftest.c:13: error: ‘sqlite3_open_v2’ undeclared (first use in this function)
conftest.c:13: error: (Each undeclared identifier is reported only once
conftest.c:13: error: for each function it appears in.)
checked program was:
/* begin */
 1: #include "ruby.h"
 2: 
 3: /*top*/
 4: extern int t(void);
 5: int main(int argc, char **argv)
 6: {
 7:   if (argc > 1000000) {
 8:     printf("%p", &t);
 9:   }
10: 
11:   return 0;
12: }
13: int t(void) { void ((*volatile p)()); p = (void ((*)()))sqlite3_open_v2; return 0; }
/* end */

"gcc -o conftest -I/usr/local/rvm/rubies/ruby-2.2.5/include/ruby-2.2.0/i686-linux -I/usr/local/rvm/rubies/ruby-2.2.5/include/ruby-2.2.0/ruby/backward -I/usr/local/rvm/rubies/ruby-2.2.5/include/ruby-2.2.0 -I.  -D_FILE_OFFSET_BITS=64   -O3 -fno-fast-math -ggdb3 -Wall -Wextra -Wno-unused-parameter -Wno-parentheses -Wno-long-long -Wno-missing-field-initializers -Wunused-variable -Wpointer-arith -Wwrite-strings -Wdeclaration-after-statement -Wimplicit-function-declaration -Wdeprecated-declarations conftest.c  -L. -L/usr/local/rvm/rubies/ruby-2.2.5/lib -Wl,-R/usr/local/rvm/rubies/ruby-2.2.5/lib -L. -fstack-protector -rdynamic -Wl,-export-dynamic  -march=i486  -lsqlite3  -Wl,-R/usr/local/rvm/rubies/ruby-2.2.5/lib -L/usr/local/rvm/rubies/ruby-2.2.5/lib -lruby-static -lsqlite3  -lpthread -lrt -ldl -lcrypt -lm   -lc"
conftest.c: In function ‘t’:
conftest.c:13: warning: implicit declaration of function ‘sqlite3_open_v2’
/tmp/ccsc8Eik.o: In function `t':
/home/grahamm/RACR/vendor/bundle/ruby/2.2.0/gems/sqlite3-1.3.11/ext/sqlite3/conftest.c:13: undefined reference to `sqlite3_open_v2'
collect2: ld returned 1 exit status
checked program was:
/* begin */
 1: #include "ruby.h"
 2: 
 3: /*top*/
 4: extern int t(void);
 5: int main(int argc, char **argv)
 6: {
 7:   if (argc > 1000000) {
 8:     printf("%p", &t);
 9:   }
10: 
11:   return 0;
12: }
13: int t(void) { sqlite3_open_v2(); return 0; }
/* end */

--------------------

have_func: checking for sqlite3_prepare_v2()... -------------------- no

"gcc -o conftest -I/usr/local/rvm/rubies/ruby-2.2.5/include/ruby-2.2.0/i686-linux -I/usr/local/rvm/rubies/ruby-2.2.5/include/ruby-2.2.0/ruby/backward -I/usr/local/rvm/rubies/ruby-2.2.5/include/ruby-2.2.0 -I.  -D_FILE_OFFSET_BITS=64   -O3 -fno-fast-math -ggdb3 -Wall -Wextra -Wno-unused-parameter -Wno-parentheses -Wno-long-long -Wno-missing-field-initializers -Wunused-variable -Wpointer-arith -Wwrite-strings -Wdeclaration-after-statement -Wimplicit-function-declaration -Wdeprecated-declarations conftest.c  -L. -L/usr/local/rvm/rubies/ruby-2.2.5/lib -Wl,-R/usr/local/rvm/rubies/ruby-2.2.5/lib -L. -fstack-protector -rdynamic -Wl,-export-dynamic  -march=i486  -lsqlite3  -Wl,-R/usr/local/rvm/rubies/ruby-2.2.5/lib -L/usr/local/rvm/rubies/ruby-2.2.5/lib -lruby-static -lsqlite3  -lpthread -lrt -ldl -lcrypt -lm   -lc"
conftest.c: In function ‘t’:
conftest.c:13: error: ‘sqlite3_prepare_v2’ undeclared (first use in this function)
conftest.c:13: error: (Each undeclared identifier is reported only once
conftest.c:13: error: for each function it appears in.)
checked program was:
/* begin */
 1: #include "ruby.h"
 2: 
 3: /*top*/
 4: extern int t(void);
 5: int main(int argc, char **argv)
 6: {
 7:   if (argc > 1000000) {
 8:     printf("%p", &t);
 9:   }
10: 
11:   return 0;
12: }
13: int t(void) { void ((*volatile p)()); p = (void ((*)()))sqlite3_prepare_v2; return 0; }
/* end */

"gcc -o conftest -I/usr/local/rvm/rubies/ruby-2.2.5/include/ruby-2.2.0/i686-linux -I/usr/local/rvm/rubies/ruby-2.2.5/include/ruby-2.2.0/ruby/backward -I/usr/local/rvm/rubies/ruby-2.2.5/include/ruby-2.2.0 -I.  -D_FILE_OFFSET_BITS=64   -O3 -fno-fast-math -ggdb3 -Wall -Wextra -Wno-unused-parameter -Wno-parentheses -Wno-long-long -Wno-missing-field-initializers -Wunused-variable -Wpointer-arith -Wwrite-strings -Wdeclaration-after-statement -Wimplicit-function-declaration -Wdeprecated-declarations conftest.c  -L. -L/usr/local/rvm/rubies/ruby-2.2.5/lib -Wl,-R/usr/local/rvm/rubies/ruby-2.2.5/lib -L. -fstack-protector -rdynamic -Wl,-export-dynamic  -march=i486  -lsqlite3  -Wl,-R/usr/local/rvm/rubies/ruby-2.2.5/lib -L/usr/local/rvm/rubies/ruby-2.2.5/lib -lruby-static -lsqlite3  -lpthread -lrt -ldl -lcrypt -lm   -lc"
conftest.c: In function ‘t’:
conftest.c:13: warning: implicit declaration of function ‘sqlite3_prepare_v2’
/tmp/ccyajeKP.o: In function `t':
/home/grahamm/RACR/vendor/bundle/ruby/2.2.0/gems/sqlite3-1.3.11/ext/sqlite3/conftest.c:13: undefined reference to `sqlite3_prepare_v2'
collect2: ld returned 1 exit status
checked program was:
/* begin */
 1: #include "ruby.h"
 2: 
 3: /*top*/
 4: extern int t(void);
 5: int main(int argc, char **argv)
 6: {
 7:   if (argc > 1000000) {
 8:     printf("%p", &t);
 9:   }
10: 
11:   return 0;
12: }
13: int t(void) { sqlite3_prepare_v2(); return 0; }
/* end */

--------------------

have_type: checking for sqlite3_int64 in sqlite3.h... -------------------- no

"gcc -I/usr/local/rvm/rubies/ruby-2.2.5/include/ruby-2.2.0/i686-linux -I/usr/local/rvm/rubies/ruby-2.2.5/include/ruby-2.2.0/ruby/backward -I/usr/local/rvm/rubies/ruby-2.2.5/include/ruby-2.2.0 -I.  -D_FILE_OFFSET_BITS=64   -O3 -fno-fast-math -ggdb3 -Wall -Wextra -Wno-unused-parameter -Wno-parentheses -Wno-long-long -Wno-missing-field-initializers -Wunused-variable -Wpointer-arith -Wwrite-strings -Wdeclaration-after-statement -Wimplicit-function-declaration -Wdeprecated-declarations -march=i486  -c conftest.c"
conftest.c:6: error: expected ‘=’, ‘,’, ‘;’, ‘asm’ or ‘__attribute__’ before ‘conftest_type’
conftest.c:7: error: ‘conftest_type’ undeclared here (not in a function)
checked program was:
/* begin */
1: #include "ruby.h"
2: 
3: #include <sqlite3.h>
4: 
5: /*top*/
6: typedef sqlite3_int64 conftest_type;
7: int conftestval[sizeof(conftest_type)?1:-1];
/* end */

--------------------

have_type: checking for sqlite3_uint64 in sqlite3.h... -------------------- no

"gcc -I/usr/local/rvm/rubies/ruby-2.2.5/include/ruby-2.2.0/i686-linux -I/usr/local/rvm/rubies/ruby-2.2.5/include/ruby-2.2.0/ruby/backward -I/usr/local/rvm/rubies/ruby-2.2.5/include/ruby-2.2.0 -I.  -D_FILE_OFFSET_BITS=64   -O3 -fno-fast-math -ggdb3 -Wall -Wextra -Wno-unused-parameter -Wno-parentheses -Wno-long-long -Wno-missing-field-initializers -Wunused-variable -Wpointer-arith -Wwrite-strings -Wdeclaration-after-statement -Wimplicit-function-declaration -Wdeprecated-declarations -march=i486  -c conftest.c"
conftest.c:6: error: expected ‘=’, ‘,’, ‘;’, ‘asm’ or ‘__attribute__’ before ‘conftest_type’
conftest.c:7: error: ‘conftest_type’ undeclared here (not in a function)
checked program was:
/* begin */
1: #include "ruby.h"
2: 
3: #include <sqlite3.h>
4: 
5: /*top*/
6: typedef sqlite3_uint64 conftest_type;
7: int conftestval[sizeof(conftest_type)?1:-1];
/* end */

--------------------

